nohup: ignoring input
[K⏳ Waiting… status=queued, queue=#2[K⏳ Waiting… status=queued, queue=#1, elapsed=2s[K✅ Job task_2aaa18d69cf84b04 completed (1.62s).
###############################################################
###############################################################
###############################################################
{'success': True, 'memory': ['110000001111000011000000000000000011000011110000011100001000000011000000010000100', '010110001111000010101000000010000101000011111000100000011000100010111001011111111', '010010101111000010111010000000010000101011110001101110100100001101001010010101001', '110110001101001100111000001000111100100011010011001110000011001111001000100001101', '110010101011100001111010010000101000000010010000011100000100000010100000001000000', '010100101011000011010110110000000010011000110000000100101101000011100010001001011', '010000101111000010110010000000000100001011110000101001101001001001010000010000011', '010000001111000010110000000000000100000011110000101000000001000001010000100110010', '110000001111001000110000000000100100100010011010100110000110101001101000011000100', '010000101111000010100011111000001011001110100000100000111001000010101011010111001', '110000001011000000000100011000001111010010000010000001101111000001111100111111110', '010100101111000010010010000100000010001011101000001111100010101011001110100011110', '100010101111100001111010000010001000101011111000011110101101110010011010110111010', '110010001111000000011010001000101110100111010011001110011111101110000001010000110', '110110101111000000101010110011001101101000111100001010101100110011010010111100001', '000010001101101011011010011010100111100010101100011011000101010011000000101110101', '010110001101000000111000001100001111100100000000110010011100000000101101001100011', '110100001101000000100000001000000101000001111000101011001000100000110000010010100', '110000001011000000110000010000001100000000010000011100001100001111100000011111001', '110010001101000000100000000000001001010001011000000001001010100011110100101100111', '010110001111000010111010000000000100101001000000011100101011100011100010111111111', '010100101111000010100010000000000110000011110010101100100000001000100010001001111', '010100001111000010100000000000000011001111010000111000110010000000010011100011011', '000010000101000011111000101000000000100001000100111111001011010000100110101111011', '010000000111000100010001100000010111000101010011000000011100011011010000111100101', '111010101110000011010010000100000010001011100000110100100001000000100010000011011', '110010001111000000111000000000001100100011110000001010001010000011001000001011011', '010110101110000010111000001100101101100001110011001010001001001111101000111001011', '110000001011100000100010010010001101001011001000001000100011100011010010000010100', '110110101111000000111010000000001100101011010010101110110000001001001011000101111', '010010000101001110111000101010010100001001011011101100001110100101000010010111101', '010110101111001010101010000000100101101011110010101010100000001001011010111100111', '110000101111000000110010000000000100001001010010100000101010001001100010100101001', '010010001111000010111100010100000100110010100000101111001101000001000100110101110', '010010001111000011111000001000000000100011010000111010000001000000111000101110000', '010110101111000010101110001100000111101010001100100010100111100000111010100100110', '010010101100000010101000000111100111100010001100001010001111110011111000110110111', '110010001111000000010000110000001010100000110000000010001100010011111000111111000', '110110100110100000111010100110001100101001101000001110100000100011001010010011111', '111110111111000100001001000000011111100111111101000000010000110111010001011010111', '110000000111000000111000000000001100100011110000000111000000110011001110111110110', '110000101111000000010010001000001110001011010000010000100110000010100010001011111', '010010001001000011111000011000000000100010010000011110000110001001111010111111011', '010100001111000010100000000000000101000011110000111101000000000000000100000001100', '110100101000000000000000011100001110000010010000001100000110000011100000001010110', '010100001111100011110000000011000000001011111110010100110000101010100111100000111', '010000001111000011110000000000001011000011110000010000000011001010110000010001101', '110110101111000001100010000000001001001011110000011000100000000010000000101101111', '010000001111000010110000000000000000100011111001110110000000100100101001110010010', '110110001111000000101000000000001101100011100000001010010001001111111011010000110', '010010101111000010010110100101000110111011100010000110000001001011101000100110110', '110100101010000001100000010100001001000000010000011000001110000010100000001000110', '110000001111000000110000000000001100000010100000001101001100100011001100111100111', '010110001111000010101000000100000000100011101100100100000011110011101010100101100', '010010001111000000011001001000001110100110010100000110010101000011011001111000000', '011110001111000010101000001000000101100011010000101010000010000001001101010111010', '000100001011000011100000010000001001001010110010011000100100101010011010000011001', '010100000101000111100100101000010001010110010000011011010110000010011101111001000', '010110000111000011101001100000000001100100110000111010011100000000000001011101001', '010100101111001011100010000000000001000011000000101000011111100101010011100111001', '011010011011000001010001010000001010001100110000011100011101000010000001010111011', '110000000011100010100000001010000101000011111000010000000100100010110000000001111', '110000001111000001110000010000001000000010110000011001001011000010010100100100101', '010100001110000010111000000110000100101011001000101110100011100001000010100101011', '010110100101001010101010101000100101101001010010101010101010001001011010001000000', '110010101111000001101010111010011001101000111001011010101100100110011011100010000', '010100001000000010100010010000000111001010110000000000100100000011110010010010010', '110000001111000000000110100000011001101111000000101010010101011001111001001001010', '110000101010000001111010000110000100001011100000101100100011000001000010001011111', '010110001111001000001010000000001101101111010000000010110110010011011011111001000', '110110101000010000101010011101101101100010000110001010000111011011011000111111000', '110110101111000000101010010001001101101010110100000010100110010011101110100111101', '010100001111000010100000000000000101000011100000101000100001001000000010110101111', '110000001111000000110000001001001110000001110100011100001000110011000010010011100', '010110101111100010100010000010000101100011111000101010000000100001011000111110010', '110000101111000000110010000000000000101011111000111100100000100001010010111101111', '111000000101000100010000100000011101000001110001001001001000001111110100001100111', '110001000011010000110100110001000100010001010000000101001010000000110100101100111', '111100001110010011110000100100000000100001100000011100001001000010000000100100100', '010000111110000010100011001100000111001111000000110101010001000000101101111011010', '010000001100000110100000100000011101000011100001111000001001000111000000111011111', '110110001111000000101000000101001101000011100100001000000011010010000000011011100', '110100001111000000100010110000001101001000110000011100000001001010100010101000100', '010100001111000010100000000000100101001011011010100000100010101001010010001011101', '110110001111100000000010001010101111001011011010000000100010101011110010010011001', '010110001101100010000000000010000111000011111000100000000000100001001010010000010', '010010001111000010111000000000000100100010110000011010000000110011011000111100001', '110000001001110000010110001010001110011011011000001100100011100011010010010000110', '110110100101010000101010101001001100111001010100001111101010011011101100100110010', '010100101111000010100010000000000111000011110110011110011111001001001101011111110', '011110101101000010111100000000000100110011110000001111000010000111001100001111100', '110010101111000000110010000110001100001011101000011101100000100010000110100100111', '110000101111000000110010000000000101001011111000111111100000000010001110010001100', '010010101111000010101010000100000101101101110001001000111000100110010011110110100', '010110100101000010101000101000000101100001110000101110001000000100000000100000100', '010000001101001010100000001000100100000011100010101000000000001001010000010000000', '010110001111000010011001000000000110100111010000001110010110100011001001000100010', '010000101101000010110010001000000011000010010000110000001110000000111000100110100', '010100001111000001101000001000011001100010010101011010000110010110101101011001101', '110110001111000000101000000000001101100011110000001010000010000011111000010000100'], 'counts': {'110000001111000011000000000000000011000011110000011100001000000011000000010000100': 1, '010110001111000010101000000010000101000011111000100000011000100010111001011111111': 1, '010010101111000010111010000000010000101011110001101110100100001101001010010101001': 1, '110110001101001100111000001000111100100011010011001110000011001111001000100001101': 1, '110010101011100001111010010000101000000010010000011100000100000010100000001000000': 1, '010100101011000011010110110000000010011000110000000100101101000011100010001001011': 1, '010000101111000010110010000000000100001011110000101001101001001001010000010000011': 1, '010000001111000010110000000000000100000011110000101000000001000001010000100110010': 1, '110000001111001000110000000000100100100010011010100110000110101001101000011000100': 1, '010000101111000010100011111000001011001110100000100000111001000010101011010111001': 1, '110000001011000000000100011000001111010010000010000001101111000001111100111111110': 1, '010100101111000010010010000100000010001011101000001111100010101011001110100011110': 1, '100010101111100001111010000010001000101011111000011110101101110010011010110111010': 1, '110010001111000000011010001000101110100111010011001110011111101110000001010000110': 1, '110110101111000000101010110011001101101000111100001010101100110011010010111100001': 1, '000010001101101011011010011010100111100010101100011011000101010011000000101110101': 1, '010110001101000000111000001100001111100100000000110010011100000000101101001100011': 1, '110100001101000000100000001000000101000001111000101011001000100000110000010010100': 1, '110000001011000000110000010000001100000000010000011100001100001111100000011111001': 1, '110010001101000000100000000000001001010001011000000001001010100011110100101100111': 1, '010110001111000010111010000000000100101001000000011100101011100011100010111111111': 1, '010100101111000010100010000000000110000011110010101100100000001000100010001001111': 1, '010100001111000010100000000000000011001111010000111000110010000000010011100011011': 1, '000010000101000011111000101000000000100001000100111111001011010000100110101111011': 1, '010000000111000100010001100000010111000101010011000000011100011011010000111100101': 1, '111010101110000011010010000100000010001011100000110100100001000000100010000011011': 1, '110010001111000000111000000000001100100011110000001010001010000011001000001011011': 1, '010110101110000010111000001100101101100001110011001010001001001111101000111001011': 1, '110000001011100000100010010010001101001011001000001000100011100011010010000010100': 1, '110110101111000000111010000000001100101011010010101110110000001001001011000101111': 1, '010010000101001110111000101010010100001001011011101100001110100101000010010111101': 1, '010110101111001010101010000000100101101011110010101010100000001001011010111100111': 1, '110000101111000000110010000000000100001001010010100000101010001001100010100101001': 1, '010010001111000010111100010100000100110010100000101111001101000001000100110101110': 1, '010010001111000011111000001000000000100011010000111010000001000000111000101110000': 1, '010110101111000010101110001100000111101010001100100010100111100000111010100100110': 1, '010010101100000010101000000111100111100010001100001010001111110011111000110110111': 1, '110010001111000000010000110000001010100000110000000010001100010011111000111111000': 1, '110110100110100000111010100110001100101001101000001110100000100011001010010011111': 1, '111110111111000100001001000000011111100111111101000000010000110111010001011010111': 1, '110000000111000000111000000000001100100011110000000111000000110011001110111110110': 1, '110000101111000000010010001000001110001011010000010000100110000010100010001011111': 1, '010010001001000011111000011000000000100010010000011110000110001001111010111111011': 1, '010100001111000010100000000000000101000011110000111101000000000000000100000001100': 1, '110100101000000000000000011100001110000010010000001100000110000011100000001010110': 1, '010100001111100011110000000011000000001011111110010100110000101010100111100000111': 1, '010000001111000011110000000000001011000011110000010000000011001010110000010001101': 1, '110110101111000001100010000000001001001011110000011000100000000010000000101101111': 1, '010000001111000010110000000000000000100011111001110110000000100100101001110010010': 1, '110110001111000000101000000000001101100011100000001010010001001111111011010000110': 1, '010010101111000010010110100101000110111011100010000110000001001011101000100110110': 1, '110100101010000001100000010100001001000000010000011000001110000010100000001000110': 1, '110000001111000000110000000000001100000010100000001101001100100011001100111100111': 1, '010110001111000010101000000100000000100011101100100100000011110011101010100101100': 1, '010010001111000000011001001000001110100110010100000110010101000011011001111000000': 1, '011110001111000010101000001000000101100011010000101010000010000001001101010111010': 1, '000100001011000011100000010000001001001010110010011000100100101010011010000011001': 1, '010100000101000111100100101000010001010110010000011011010110000010011101111001000': 1, '010110000111000011101001100000000001100100110000111010011100000000000001011101001': 1, '010100101111001011100010000000000001000011000000101000011111100101010011100111001': 1, '011010011011000001010001010000001010001100110000011100011101000010000001010111011': 1, '110000000011100010100000001010000101000011111000010000000100100010110000000001111': 1, '110000001111000001110000010000001000000010110000011001001011000010010100100100101': 1, '010100001110000010111000000110000100101011001000101110100011100001000010100101011': 1, '010110100101001010101010101000100101101001010010101010101010001001011010001000000': 1, '110010101111000001101010111010011001101000111001011010101100100110011011100010000': 1, '010100001000000010100010010000000111001010110000000000100100000011110010010010010': 1, '110000001111000000000110100000011001101111000000101010010101011001111001001001010': 1, '110000101010000001111010000110000100001011100000101100100011000001000010001011111': 1, '010110001111001000001010000000001101101111010000000010110110010011011011111001000': 1, '110110101000010000101010011101101101100010000110001010000111011011011000111111000': 1, '110110101111000000101010010001001101101010110100000010100110010011101110100111101': 1, '010100001111000010100000000000000101000011100000101000100001001000000010110101111': 1, '110000001111000000110000001001001110000001110100011100001000110011000010010011100': 1, '010110101111100010100010000010000101100011111000101010000000100001011000111110010': 1, '110000101111000000110010000000000000101011111000111100100000100001010010111101111': 1, '111000000101000100010000100000011101000001110001001001001000001111110100001100111': 1, '110001000011010000110100110001000100010001010000000101001010000000110100101100111': 1, '111100001110010011110000100100000000100001100000011100001001000010000000100100100': 1, '010000111110000010100011001100000111001111000000110101010001000000101101111011010': 1, '010000001100000110100000100000011101000011100001111000001001000111000000111011111': 1, '110110001111000000101000000101001101000011100100001000000011010010000000011011100': 1, '110100001111000000100010110000001101001000110000011100000001001010100010101000100': 1, '010100001111000010100000000000100101001011011010100000100010101001010010001011101': 1, '110110001111100000000010001010101111001011011010000000100010101011110010010011001': 1, '010110001101100010000000000010000111000011111000100000000000100001001010010000010': 1, '010010001111000010111000000000000100100010110000011010000000110011011000111100001': 1, '110000001001110000010110001010001110011011011000001100100011100011010010010000110': 1, '110110100101010000101010101001001100111001010100001111101010011011101100100110010': 1, '010100101111000010100010000000000111000011110110011110011111001001001101011111110': 1, '011110101101000010111100000000000100110011110000001111000010000111001100001111100': 1, '110010101111000000110010000110001100001011101000011101100000100010000110100100111': 1, '110000101111000000110010000000000101001011111000111111100000000010001110010001100': 1, '010010101111000010101010000100000101101101110001001000111000100110010011110110100': 1, '010110100101000010101000101000000101100001110000101110001000000100000000100000100': 1, '010000001101001010100000001000100100000011100010101000000000001001010000010000000': 1, '010110001111000010011001000000000110100111010000001110010110100011001001000100010': 1, '010000101101000010110010001000000011000010010000110000001110000000111000100110100': 1, '010100001111000001101000001000011001100010010101011010000110010110101101011001101': 1, '110110001111000000101000000000001101100011110000001010000010000011111000010000100': 1}, 'shots': 100, 'result_format': 'memory', 'metadata': {'backend_name': 'QZ01', 'date': '2026-07-14T11:12:13.683400Z'}, 'readout_correction_requested': False, 'readout_correction_applied': False}
###############################################################
###############################################################
###############################################################
['110000001111000011000000000000000011000011110000011100001000000011000000010000100', '010110001111000010101000000010000101000011111000100000011000100010111001011111111', '010010101111000010111010000000010000101011110001101110100100001101001010010101001', '110110001101001100111000001000111100100011010011001110000011001111001000100001101', '110010101011100001111010010000101000000010010000011100000100000010100000001000000', '010100101011000011010110110000000010011000110000000100101101000011100010001001011', '010000101111000010110010000000000100001011110000101001101001001001010000010000011', '010000001111000010110000000000000100000011110000101000000001000001010000100110010', '110000001111001000110000000000100100100010011010100110000110101001101000011000100', '010000101111000010100011111000001011001110100000100000111001000010101011010111001', '110000001011000000000100011000001111010010000010000001101111000001111100111111110', '010100101111000010010010000100000010001011101000001111100010101011001110100011110', '100010101111100001111010000010001000101011111000011110101101110010011010110111010', '110010001111000000011010001000101110100111010011001110011111101110000001010000110', '110110101111000000101010110011001101101000111100001010101100110011010010111100001', '000010001101101011011010011010100111100010101100011011000101010011000000101110101', '010110001101000000111000001100001111100100000000110010011100000000101101001100011', '110100001101000000100000001000000101000001111000101011001000100000110000010010100', '110000001011000000110000010000001100000000010000011100001100001111100000011111001', '110010001101000000100000000000001001010001011000000001001010100011110100101100111', '010110001111000010111010000000000100101001000000011100101011100011100010111111111', '010100101111000010100010000000000110000011110010101100100000001000100010001001111', '010100001111000010100000000000000011001111010000111000110010000000010011100011011', '000010000101000011111000101000000000100001000100111111001011010000100110101111011', '010000000111000100010001100000010111000101010011000000011100011011010000111100101', '111010101110000011010010000100000010001011100000110100100001000000100010000011011', '110010001111000000111000000000001100100011110000001010001010000011001000001011011', '010110101110000010111000001100101101100001110011001010001001001111101000111001011', '110000001011100000100010010010001101001011001000001000100011100011010010000010100', '110110101111000000111010000000001100101011010010101110110000001001001011000101111', '010010000101001110111000101010010100001001011011101100001110100101000010010111101', '010110101111001010101010000000100101101011110010101010100000001001011010111100111', '110000101111000000110010000000000100001001010010100000101010001001100010100101001', '010010001111000010111100010100000100110010100000101111001101000001000100110101110', '010010001111000011111000001000000000100011010000111010000001000000111000101110000', '010110101111000010101110001100000111101010001100100010100111100000111010100100110', '010010101100000010101000000111100111100010001100001010001111110011111000110110111', '110010001111000000010000110000001010100000110000000010001100010011111000111111000', '110110100110100000111010100110001100101001101000001110100000100011001010010011111', '111110111111000100001001000000011111100111111101000000010000110111010001011010111', '110000000111000000111000000000001100100011110000000111000000110011001110111110110', '110000101111000000010010001000001110001011010000010000100110000010100010001011111', '010010001001000011111000011000000000100010010000011110000110001001111010111111011', '010100001111000010100000000000000101000011110000111101000000000000000100000001100', '110100101000000000000000011100001110000010010000001100000110000011100000001010110', '010100001111100011110000000011000000001011111110010100110000101010100111100000111', '010000001111000011110000000000001011000011110000010000000011001010110000010001101', '110110101111000001100010000000001001001011110000011000100000000010000000101101111', '010000001111000010110000000000000000100011111001110110000000100100101001110010010', '110110001111000000101000000000001101100011100000001010010001001111111011010000110', '010010101111000010010110100101000110111011100010000110000001001011101000100110110', '110100101010000001100000010100001001000000010000011000001110000010100000001000110', '110000001111000000110000000000001100000010100000001101001100100011001100111100111', '010110001111000010101000000100000000100011101100100100000011110011101010100101100', '010010001111000000011001001000001110100110010100000110010101000011011001111000000', '011110001111000010101000001000000101100011010000101010000010000001001101010111010', '000100001011000011100000010000001001001010110010011000100100101010011010000011001', '010100000101000111100100101000010001010110010000011011010110000010011101111001000', '010110000111000011101001100000000001100100110000111010011100000000000001011101001', '010100101111001011100010000000000001000011000000101000011111100101010011100111001', '011010011011000001010001010000001010001100110000011100011101000010000001010111011', '110000000011100010100000001010000101000011111000010000000100100010110000000001111', '110000001111000001110000010000001000000010110000011001001011000010010100100100101', '010100001110000010111000000110000100101011001000101110100011100001000010100101011', '010110100101001010101010101000100101101001010010101010101010001001011010001000000', '110010101111000001101010111010011001101000111001011010101100100110011011100010000', '010100001000000010100010010000000111001010110000000000100100000011110010010010010', '110000001111000000000110100000011001101111000000101010010101011001111001001001010', '110000101010000001111010000110000100001011100000101100100011000001000010001011111', '010110001111001000001010000000001101101111010000000010110110010011011011111001000', '110110101000010000101010011101101101100010000110001010000111011011011000111111000', '110110101111000000101010010001001101101010110100000010100110010011101110100111101', '010100001111000010100000000000000101000011100000101000100001001000000010110101111', '110000001111000000110000001001001110000001110100011100001000110011000010010011100', '010110101111100010100010000010000101100011111000101010000000100001011000111110010', '110000101111000000110010000000000000101011111000111100100000100001010010111101111', '111000000101000100010000100000011101000001110001001001001000001111110100001100111', '110001000011010000110100110001000100010001010000000101001010000000110100101100111', '111100001110010011110000100100000000100001100000011100001001000010000000100100100', '010000111110000010100011001100000111001111000000110101010001000000101101111011010', '010000001100000110100000100000011101000011100001111000001001000111000000111011111', '110110001111000000101000000101001101000011100100001000000011010010000000011011100', '110100001111000000100010110000001101001000110000011100000001001010100010101000100', '010100001111000010100000000000100101001011011010100000100010101001010010001011101', '110110001111100000000010001010101111001011011010000000100010101011110010010011001', '010110001101100010000000000010000111000011111000100000000000100001001010010000010', '010010001111000010111000000000000100100010110000011010000000110011011000111100001', '110000001001110000010110001010001110011011011000001100100011100011010010010000110', '110110100101010000101010101001001100111001010100001111101010011011101100100110010', '010100101111000010100010000000000111000011110110011110011111001001001101011111110', '011110101101000010111100000000000100110011110000001111000010000111001100001111100', '110010101111000000110010000110001100001011101000011101100000100010000110100100111', '110000101111000000110010000000000101001011111000111111100000000010001110010001100', '010010101111000010101010000100000101101101110001001000111000100110010011110110100', '010110100101000010101000101000000101100001110000101110001000000100000000100000100', '010000001101001010100000001000100100000011100010101000000000001001010000010000000', '010110001111000010011001000000000110100111010000001110010110100011001001000100010', '010000101101000010110010001000000011000010010000110000001110000000111000100110100', '010100001111000001101000001000011001100010010101011010000110010110101101011001101', '110110001111000000101000000000001101100011110000001010000010000011111000010000100']
###############################################################
###############################################################
###############################################################

Job ID  : task_2aaa18d69cf84b04
Status  : completed
Backend : QZ01-surface_code
Created : 2026-07-14T03:12:07
Finished: 2026-07-14T03:12:11
Worker  : worker1

Format: per-shot memory (100 shots)
  First 10: ['110000001111000011000000000000000011000011110000011100001000000011000000010000100', '010110001111000010101000000010000101000011111000100000011000100010111001011111111', '010010101111000010111010000000010000101011110001101110100100001101001010010101001', '110110001101001100111000001000111100100011010011001110000011001111001000100001101', '110010101011100001111010010000101000000010010000011100000100000010100000001000000', '010100101011000011010110110000000010011000110000000100101101000011100010001001011', '010000101111000010110010000000000100001011110000101001101001001001010000010000011', '010000001111000010110000000000000100000011110000101000000001000001010000100110010', '110000001111001000110000000000100100100010011010100110000110101001101000011000100', '010000101111000010100011111000001011001110100000100000111001000010101011010111001']

✓ 任务执行成功

测量结果 (总shots: 100):
  |000010000101000011111000101000000000100001000100111111001011010000100110101111011⟩:    1 ( 1.00%) 
  |000010001101101011011010011010100111100010101100011011000101010011000000101110101⟩:    1 ( 1.00%) 
  |000100001011000011100000010000001001001010110010011000100100101010011010000011001⟩:    1 ( 1.00%) 
  |010000000111000100010001100000010111000101010011000000011100011011010000111100101⟩:    1 ( 1.00%) 
  |010000001100000110100000100000011101000011100001111000001001000111000000111011111⟩:    1 ( 1.00%) 
  |010000001101001010100000001000100100000011100010101000000000001001010000010000000⟩:    1 ( 1.00%) 
  |010000001111000010110000000000000000100011111001110110000000100100101001110010010⟩:    1 ( 1.00%) 
  |010000001111000010110000000000000100000011110000101000000001000001010000100110010⟩:    1 ( 1.00%) 
  |010000001111000011110000000000001011000011110000010000000011001010110000010001101⟩:    1 ( 1.00%) 
  |010000101101000010110010001000000011000010010000110000001110000000111000100110100⟩:    1 ( 1.00%) 
  |010000101111000010100011111000001011001110100000100000111001000010101011010111001⟩:    1 ( 1.00%) 
  |010000101111000010110010000000000100001011110000101001101001001001010000010000011⟩:    1 ( 1.00%) 
  |010000111110000010100011001100000111001111000000110101010001000000101101111011010⟩:    1 ( 1.00%) 
  |010010000101001110111000101010010100001001011011101100001110100101000010010111101⟩:    1 ( 1.00%) 
  |010010001001000011111000011000000000100010010000011110000110001001111010111111011⟩:    1 ( 1.00%) 
  |010010001111000000011001001000001110100110010100000110010101000011011001111000000⟩:    1 ( 1.00%) 
  |010010001111000010111000000000000100100010110000011010000000110011011000111100001⟩:    1 ( 1.00%) 
  |010010001111000010111100010100000100110010100000101111001101000001000100110101110⟩:    1 ( 1.00%) 
  |010010001111000011111000001000000000100011010000111010000001000000111000101110000⟩:    1 ( 1.00%) 
  |010010101100000010101000000111100111100010001100001010001111110011111000110110111⟩:    1 ( 1.00%) 
  |010010101111000010010110100101000110111011100010000110000001001011101000100110110⟩:    1 ( 1.00%) 
  |010010101111000010101010000100000101101101110001001000111000100110010011110110100⟩:    1 ( 1.00%) 
  |010010101111000010111010000000010000101011110001101110100100001101001010010101001⟩:    1 ( 1.00%) 
  |010100000101000111100100101000010001010110010000011011010110000010011101111001000⟩:    1 ( 1.00%) 
  |010100001000000010100010010000000111001010110000000000100100000011110010010010010⟩:    1 ( 1.00%) 
  |010100001110000010111000000110000100101011001000101110100011100001000010100101011⟩:    1 ( 1.00%) 
  |010100001111000001101000001000011001100010010101011010000110010110101101011001101⟩:    1 ( 1.00%) 
  |010100001111000010100000000000000011001111010000111000110010000000010011100011011⟩:    1 ( 1.00%) 
  |010100001111000010100000000000000101000011100000101000100001001000000010110101111⟩:    1 ( 1.00%) 
  |010100001111000010100000000000000101000011110000111101000000000000000100000001100⟩:    1 ( 1.00%) 
  |010100001111000010100000000000100101001011011010100000100010101001010010001011101⟩:    1 ( 1.00%) 
  |010100001111100011110000000011000000001011111110010100110000101010100111100000111⟩:    1 ( 1.00%) 
  |010100101011000011010110110000000010011000110000000100101101000011100010001001011⟩:    1 ( 1.00%) 
  |010100101111000010010010000100000010001011101000001111100010101011001110100011110⟩:    1 ( 1.00%) 
  |010100101111000010100010000000000110000011110010101100100000001000100010001001111⟩:    1 ( 1.00%) 
  |010100101111000010100010000000000111000011110110011110011111001001001101011111110⟩:    1 ( 1.00%) 
  |010100101111001011100010000000000001000011000000101000011111100101010011100111001⟩:    1 ( 1.00%) 
  |010110000111000011101001100000000001100100110000111010011100000000000001011101001⟩:    1 ( 1.00%) 
  |010110001101000000111000001100001111100100000000110010011100000000101101001100011⟩:    1 ( 1.00%) 
  |010110001101100010000000000010000111000011111000100000000000100001001010010000010⟩:    1 ( 1.00%) 
  |010110001111000010011001000000000110100111010000001110010110100011001001000100010⟩:    1 ( 1.00%) 
  |010110001111000010101000000010000101000011111000100000011000100010111001011111111⟩:    1 ( 1.00%) 
  |010110001111000010101000000100000000100011101100100100000011110011101010100101100⟩:    1 ( 1.00%) 
  |010110001111000010111010000000000100101001000000011100101011100011100010111111111⟩:    1 ( 1.00%) 
  |010110001111001000001010000000001101101111010000000010110110010011011011111001000⟩:    1 ( 1.00%) 
  |010110100101000010101000101000000101100001110000101110001000000100000000100000100⟩:    1 ( 1.00%) 
  |010110100101001010101010101000100101101001010010101010101010001001011010001000000⟩:    1 ( 1.00%) 
  |010110101110000010111000001100101101100001110011001010001001001111101000111001011⟩:    1 ( 1.00%) 
  |010110101111000010101110001100000111101010001100100010100111100000111010100100110⟩:    1 ( 1.00%) 
  |010110101111001010101010000000100101101011110010101010100000001001011010111100111⟩:    1 ( 1.00%) 
  |010110101111100010100010000010000101100011111000101010000000100001011000111110010⟩:    1 ( 1.00%) 
  |011010011011000001010001010000001010001100110000011100011101000010000001010111011⟩:    1 ( 1.00%) 
  |011110001111000010101000001000000101100011010000101010000010000001001101010111010⟩:    1 ( 1.00%) 
  |011110101101000010111100000000000100110011110000001111000010000111001100001111100⟩:    1 ( 1.00%) 
  |100010101111100001111010000010001000101011111000011110101101110010011010110111010⟩:    1 ( 1.00%) 
  |110000000011100010100000001010000101000011111000010000000100100010110000000001111⟩:    1 ( 1.00%) 
  |110000000111000000111000000000001100100011110000000111000000110011001110111110110⟩:    1 ( 1.00%) 
  |110000001001110000010110001010001110011011011000001100100011100011010010010000110⟩:    1 ( 1.00%) 
  |110000001011000000000100011000001111010010000010000001101111000001111100111111110⟩:    1 ( 1.00%) 
  |110000001011000000110000010000001100000000010000011100001100001111100000011111001⟩:    1 ( 1.00%) 
  |110000001011100000100010010010001101001011001000001000100011100011010010000010100⟩:    1 ( 1.00%) 
  |110000001111000000000110100000011001101111000000101010010101011001111001001001010⟩:    1 ( 1.00%) 
  |110000001111000000110000000000001100000010100000001101001100100011001100111100111⟩:    1 ( 1.00%) 
  |110000001111000000110000001001001110000001110100011100001000110011000010010011100⟩:    1 ( 1.00%) 
  |110000001111000001110000010000001000000010110000011001001011000010010100100100101⟩:    1 ( 1.00%) 
  |110000001111000011000000000000000011000011110000011100001000000011000000010000100⟩:    1 ( 1.00%) 
  |110000001111001000110000000000100100100010011010100110000110101001101000011000100⟩:    1 ( 1.00%) 
  |110000101010000001111010000110000100001011100000101100100011000001000010001011111⟩:    1 ( 1.00%) 
  |110000101111000000010010001000001110001011010000010000100110000010100010001011111⟩:    1 ( 1.00%) 
  |110000101111000000110010000000000000101011111000111100100000100001010010111101111⟩:    1 ( 1.00%) 
  |110000101111000000110010000000000100001001010010100000101010001001100010100101001⟩:    1 ( 1.00%) 
  |110000101111000000110010000000000101001011111000111111100000000010001110010001100⟩:    1 ( 1.00%) 
  |110001000011010000110100110001000100010001010000000101001010000000110100101100111⟩:    1 ( 1.00%) 
  |110010001101000000100000000000001001010001011000000001001010100011110100101100111⟩:    1 ( 1.00%) 
  |110010001111000000010000110000001010100000110000000010001100010011111000111111000⟩:    1 ( 1.00%) 
  |110010001111000000011010001000101110100111010011001110011111101110000001010000110⟩:    1 ( 1.00%) 
  |110010001111000000111000000000001100100011110000001010001010000011001000001011011⟩:    1 ( 1.00%) 
  |110010101011100001111010010000101000000010010000011100000100000010100000001000000⟩:    1 ( 1.00%) 
  |110010101111000000110010000110001100001011101000011101100000100010000110100100111⟩:    1 ( 1.00%) 
  |110010101111000001101010111010011001101000111001011010101100100110011011100010000⟩:    1 ( 1.00%) 
  |110100001101000000100000001000000101000001111000101011001000100000110000010010100⟩:    1 ( 1.00%) 
  |110100001111000000100010110000001101001000110000011100000001001010100010101000100⟩:    1 ( 1.00%) 
  |110100101000000000000000011100001110000010010000001100000110000011100000001010110⟩:    1 ( 1.00%) 
  |110100101010000001100000010100001001000000010000011000001110000010100000001000110⟩:    1 ( 1.00%) 
  |110110001101001100111000001000111100100011010011001110000011001111001000100001101⟩:    1 ( 1.00%) 
  |110110001111000000101000000000001101100011100000001010010001001111111011010000110⟩:    1 ( 1.00%) 
  |110110001111000000101000000000001101100011110000001010000010000011111000010000100⟩:    1 ( 1.00%) 
  |110110001111000000101000000101001101000011100100001000000011010010000000011011100⟩:    1 ( 1.00%) 
  |110110001111100000000010001010101111001011011010000000100010101011110010010011001⟩:    1 ( 1.00%) 
  |110110100101010000101010101001001100111001010100001111101010011011101100100110010⟩:    1 ( 1.00%) 
  |110110100110100000111010100110001100101001101000001110100000100011001010010011111⟩:    1 ( 1.00%) 
  |110110101000010000101010011101101101100010000110001010000111011011011000111111000⟩:    1 ( 1.00%) 
  |110110101111000000101010010001001101101010110100000010100110010011101110100111101⟩:    1 ( 1.00%) 
  |110110101111000000101010110011001101101000111100001010101100110011010010111100001⟩:    1 ( 1.00%) 
  |110110101111000000111010000000001100101011010010101110110000001001001011000101111⟩:    1 ( 1.00%) 
  |110110101111000001100010000000001001001011110000011000100000000010000000101101111⟩:    1 ( 1.00%) 
  |111000000101000100010000100000011101000001110001001001001000001111110100001100111⟩:    1 ( 1.00%) 
  |111010101110000011010010000100000010001011100000110100100001000000100010000011011⟩:    1 ( 1.00%) 
  |111100001110010011110000100100000000100001100000011100001001000010000000100100100⟩:    1 ( 1.00%) 
  |111110111111000100001001000000011111100111111101000000010000110111010001011010111⟩:    1 ( 1.00%) 
None
###############################################################
###############################################################
###############################################################
Corrected logical error: 0.210
Raw logical error: 0.280
